C:\Program Files\Microsoft Visual Studio\2022\Community\MSBuild\Microsoft\VC\v170\Microsoft.CppBuild.targets(514,5): warning MSB8028: The intermediate directory (Debug\) contains files shared from another project (GameObject.vcxproj, New_Transforming.vcxproj, Transforming.vcxproj, WindowCreation.vcxproj).  This can lead to incorrect clean and rebuild behavior.
  ChessPiece.cpp
C:\Users\damie\OneDrive\Desktop\GitHub\the_stunks\ChessPiece.cpp(30,30): warning C4305: 'argument': truncation from 'double' to 'float'
C:\Users\damie\OneDrive\Desktop\GitHub\the_stunks\ChessPiece.cpp(31,30): warning C4305: 'argument': truncation from 'double' to 'float'
  King.cpp
C:\Users\damie\OneDrive\Desktop\GitHub\the_stunks\King.cpp(96,40): warning C4244: 'argument': conversion from 'double' to 'GLfloat', possible loss of data
C:\Users\damie\OneDrive\Desktop\GitHub\the_stunks\King.cpp(96,28): warning C4244: 'argument': conversion from 'double' to 'GLfloat', possible loss of data
C:\Users\damie\OneDrive\Desktop\GitHub\the_stunks\King.cpp(96,17): warning C4244: 'argument': conversion from 'double' to 'GLfloat', possible loss of data
C:\Users\damie\OneDrive\Desktop\GitHub\the_stunks\King.cpp(170,17): warning C4305: 'argument': truncation from 'double' to 'float'
C:\Users\damie\OneDrive\Desktop\GitHub\the_stunks\King.cpp(177,26): warning C4305: 'argument': truncation from 'double' to 'GLfloat'
C:\Users\damie\OneDrive\Desktop\GitHub\the_stunks\King.cpp(178,17): warning C4305: 'argument': truncation from 'double' to 'float'
C:\Users\damie\OneDrive\Desktop\GitHub\the_stunks\King.cpp(185,26): warning C4305: 'argument': truncation from 'double' to 'GLfloat'
C:\Users\damie\OneDrive\Desktop\GitHub\the_stunks\King.cpp(186,17): warning C4305: 'argument': truncation from 'double' to 'float'
C:\Users\damie\OneDrive\Desktop\GitHub\the_stunks\King.cpp(193,26): warning C4305: 'argument': truncation from 'double' to 'GLfloat'
C:\Users\damie\OneDrive\Desktop\GitHub\the_stunks\King.cpp(194,17): warning C4305: 'argument': truncation from 'double' to 'float'
C:\Users\damie\OneDrive\Desktop\GitHub\the_stunks\King.cpp(204,28): warning C4305: 'argument': truncation from 'double' to 'GLfloat'
C:\Users\damie\OneDrive\Desktop\GitHub\the_stunks\King.cpp(205,17): warning C4305: 'argument': truncation from 'double' to 'float'
C:\Users\damie\OneDrive\Desktop\GitHub\the_stunks\King.cpp(212,29): warning C4305: 'argument': truncation from 'double' to 'GLfloat'
C:\Users\damie\OneDrive\Desktop\GitHub\the_stunks\King.cpp(213,17): warning C4305: 'argument': truncation from 'double' to 'float'
  Generating Code...
RainbowCube.obj : warning LNK4204: 'C:\Users\damie\OneDrive\Desktop\GitHub\the_stunks\Debug\vc143.pdb' is missing debugging information for referencing module; linking object as if no debug info
  GameObject.vcxproj -> C:\Users\damie\OneDrive\Desktop\GitHub\the_stunks\Debug\The_Stunks.exe
          1 file(s) copied.
