C:\Program Files\Microsoft Visual Studio\2022\Community\MSBuild\Microsoft\VC\v170\Microsoft.CppBuild.targets(514,5): warning MSB8028: The intermediate directory (x64\Debug\) contains files shared from another project (GameObject.vcxproj, WindowCreation.vcxproj).  This can lead to incorrect clean and rebuild behavior.
  Bishop.cpp
  ChessBoard.cpp
C:\Users\damie\OneDrive\Desktop\GitHub\the_stunks\ChessBoard.cpp(231,14): warning C4244: 'initializing': conversion from 'int' to 'float', possible loss of data
  ChessPiece.cpp
C:\Users\damie\OneDrive\Desktop\GitHub\the_stunks\ChessPiece.cpp(30,31): warning C4305: 'argument': truncation from 'double' to 'float'
C:\Users\damie\OneDrive\Desktop\GitHub\the_stunks\ChessPiece.cpp(31,30): warning C4305: 'argument': truncation from 'double' to 'float'
  GameObject.cpp
  HeightMap.cpp
C:\Users\damie\OneDrive\Desktop\GitHub\the_stunks\HeightMap.cpp(11,36): warning C4244: 'argument': conversion from 'double' to 'GLfloat', possible loss of data
C:\Users\damie\OneDrive\Desktop\GitHub\the_stunks\HeightMap.cpp(11,21): warning C4244: 'argument': conversion from 'double' to 'GLfloat', possible loss of data
  King.cpp
C:\Users\damie\OneDrive\Desktop\GitHub\the_stunks\King.cpp(96,40): warning C4244: 'argument': conversion from 'double' to 'GLfloat', possible loss of data
C:\Users\damie\OneDrive\Desktop\GitHub\the_stunks\King.cpp(96,28): warning C4244: 'argument': conversion from 'double' to 'GLfloat', possible loss of data
C:\Users\damie\OneDrive\Desktop\GitHub\the_stunks\King.cpp(96,17): warning C4244: 'argument': conversion from 'double' to 'GLfloat', possible loss of data
C:\Users\damie\OneDrive\Desktop\GitHub\the_stunks\King.cpp(170,17): warning C4305: 'argument': truncation from 'double' to 'float'
C:\Users\damie\OneDrive\Desktop\GitHub\the_stunks\King.cpp(177,26): warning C4305: 'argument': truncation from 'double' to 'GLfloat'
C:\Users\damie\OneDrive\Desktop\GitHub\the_stunks\King.cpp(178,17): warning C4305: 'argument': truncation from 'double' to 'float'
C:\Users\damie\OneDrive\Desktop\GitHub\the_stunks\King.cpp(185,26): warning C4305: 'argument': truncation from 'double' to 'GLfloat'
C:\Users\damie\OneDrive\Desktop\GitHub\the_stunks\King.cpp(186,17): warning C4305: 'argument': truncation from 'double' to 'float'
C:\Users\damie\OneDrive\Desktop\GitHub\the_stunks\King.cpp(193,26): warning C4305: 'argument': truncation from 'double' to 'GLfloat'
C:\Users\damie\OneDrive\Desktop\GitHub\the_stunks\King.cpp(194,17): warning C4305: 'argument': truncation from 'double' to 'float'
C:\Users\damie\OneDrive\Desktop\GitHub\the_stunks\King.cpp(204,28): warning C4305: 'argument': truncation from 'double' to 'GLfloat'
C:\Users\damie\OneDrive\Desktop\GitHub\the_stunks\King.cpp(205,17): warning C4305: 'argument': truncation from 'double' to 'float'
C:\Users\damie\OneDrive\Desktop\GitHub\the_stunks\King.cpp(212,29): warning C4305: 'argument': truncation from 'double' to 'GLfloat'
C:\Users\damie\OneDrive\Desktop\GitHub\the_stunks\King.cpp(213,17): warning C4305: 'argument': truncation from 'double' to 'float'
  Knight.cpp
  Main.cpp
  Pawn.cpp
C:\Users\damie\OneDrive\Desktop\GitHub\the_stunks\Pawn.cpp(91,35): warning C4244: 'argument': conversion from 'double' to 'GLfloat', possible loss of data
C:\Users\damie\OneDrive\Desktop\GitHub\the_stunks\Pawn.cpp(91,28): warning C4244: 'argument': conversion from 'double' to 'GLfloat', possible loss of data
C:\Users\damie\OneDrive\Desktop\GitHub\the_stunks\Pawn.cpp(91,19): warning C4244: 'argument': conversion from 'double' to 'GLfloat', possible loss of data
C:\Users\damie\OneDrive\Desktop\GitHub\the_stunks\Pawn.cpp(92,45): warning C4244: 'argument': conversion from 'double' to 'GLfloat', possible loss of data
C:\Users\damie\OneDrive\Desktop\GitHub\the_stunks\Pawn.cpp(92,36): warning C4244: 'argument': conversion from 'double' to 'GLfloat', possible loss of data
C:\Users\damie\OneDrive\Desktop\GitHub\the_stunks\Pawn.cpp(92,23): warning C4244: 'argument': conversion from 'double' to 'GLfloat', possible loss of data
C:\Users\damie\OneDrive\Desktop\GitHub\the_stunks\Pawn.cpp(93,35): warning C4244: 'argument': conversion from 'double' to 'GLfloat', possible loss of data
C:\Users\damie\OneDrive\Desktop\GitHub\the_stunks\Pawn.cpp(93,28): warning C4244: 'argument': conversion from 'double' to 'GLfloat', possible loss of data
C:\Users\damie\OneDrive\Desktop\GitHub\the_stunks\Pawn.cpp(93,19): warning C4244: 'argument': conversion from 'double' to 'GLfloat', possible loss of data
C:\Users\damie\OneDrive\Desktop\GitHub\the_stunks\Pawn.cpp(94,45): warning C4244: 'argument': conversion from 'double' to 'GLfloat', possible loss of data
C:\Users\damie\OneDrive\Desktop\GitHub\the_stunks\Pawn.cpp(94,36): warning C4244: 'argument': conversion from 'double' to 'GLfloat', possible loss of data
C:\Users\damie\OneDrive\Desktop\GitHub\the_stunks\Pawn.cpp(94,23): warning C4244: 'argument': conversion from 'double' to 'GLfloat', possible loss of data
  Pixel.cpp
  Queen.cpp
  RainbowCube.cpp
  Rook.cpp
  Texture.cpp
  TexturedCube.cpp
  Generating Code...
GameObject.obj : error LNK2019: unresolved external symbol __imp_glutSolidCube referenced in function "private: virtual void __cdecl GameObject::drawGeometry(void)" (?drawGeometry@GameObject@@EEAAXXZ)
GameObject.obj : error LNK2019: unresolved external symbol __imp_glutSolidCone referenced in function "private: void __cdecl GameObject::drawOrigin(void)" (?drawOrigin@GameObject@@AEAAXXZ)
Main.obj : error LNK2019: unresolved external symbol __imp_glutInitWindowPosition referenced in function main
Main.obj : error LNK2019: unresolved external symbol __imp_glutInitWindowSize referenced in function main
Main.obj : error LNK2019: unresolved external symbol __imp_glutInitDisplayMode referenced in function main
Main.obj : error LNK2019: unresolved external symbol __imp_glutMainLoop referenced in function main
Main.obj : error LNK2019: unresolved external symbol __imp_glutPostRedisplay referenced in function "void __cdecl timer(int)" (?timer@@YAXH@Z)
Main.obj : error LNK2019: unresolved external symbol __imp_glutSwapBuffers referenced in function "void __cdecl display(void)" (?display@@YAXXZ)
Main.obj : error LNK2019: unresolved external symbol __imp_glutTimerFunc referenced in function "void __cdecl timer(int)" (?timer@@YAXH@Z)
Main.obj : error LNK2019: unresolved external symbol __imp_glutSpecialFunc referenced in function main
Main.obj : error LNK2019: unresolved external symbol __imp_glutDisplayFunc referenced in function main
Main.obj : error LNK2019: unresolved external symbol __imp_glutGet referenced in function main
Main.obj : error LNK2019: unresolved external symbol __imp___glutInitWithExit referenced in function glutInit_ATEXIT_HACK
Main.obj : error LNK2019: unresolved external symbol __imp___glutCreateWindowWithExit referenced in function glutCreateWindow_ATEXIT_HACK
C:\Users\damie\OneDrive\Desktop\GitHub\the_stunks\Libraries\freeglut\lib\freeglut.lib : warning LNK4272: library machine type 'x86' conflicts with target machine type 'x64'
C:\Users\damie\OneDrive\Desktop\GitHub\the_stunks\x64\Debug\The_Stunks.exe : fatal error LNK1120: 14 unresolved externals
